<?xml version="1.0" encoding="utf-8"?><testsuites name="pytest tests"><testsuite name="pytest" errors="0" failures="0" skipped="0" tests="13" time="9.473" timestamp="2026-04-24T07:55:25.965292+00:00" hostname="agent-env-9b0b04f6-a9a8-4f64-890a-c6b50d402507"><testcase classname="backend.tests.backend_test.TestHealth" name="test_root" time="0.751" /><testcase classname="backend.tests.backend_test.TestChannel" name="test_get_channel" time="1.062" /><testcase classname="backend.tests.backend_test.TestChannel" name="test_get_videos" time="1.940" /><testcase classname="backend.tests.backend_test.TestAuth" name="test_login_success" time="1.381" /><testcase classname="backend.tests.backend_test.TestAuth" name="test_login_wrong_password" time="0.495" /><testcase classname="backend.tests.backend_test.TestAuth" name="test_login_wrong_username" time="0.057" /><testcase classname="backend.tests.backend_test.TestAuth" name="test_me_with_token" time="0.599" /><testcase classname="backend.tests.backend_test.TestAuth" name="test_me_without_token" time="0.355" /><testcase classname="backend.tests.backend_test.TestAuth" name="test_me_invalid_token" time="0.314" /><testcase classname="backend.tests.backend_test.TestScripts" name="test_put_script_no_auth" time="0.393" /><testcase classname="backend.tests.backend_test.TestScripts" name="test_delete_script_no_auth" time="0.233" /><testcase classname="backend.tests.backend_test.TestScripts" name="test_put_script_admin_and_persist" time="0.443" /><testcase classname="backend.tests.backend_test.TestScripts" name="test_delete_script_admin" time="0.585" /></testsuite></testsuites>